Determining if the Q_WS_WIN exist failed with the following output:
Change Dir: /home/martin/Documents/ProjetKinect/TelecomProjet/pcl_acquisition_kinect/build/CMakeFiles/CMakeTmp

Run Build Command:"/usr/bin/make" "cmTryCompileExec466802838/fast"
/usr/bin/make -f CMakeFiles/cmTryCompileExec466802838.dir/build.make CMakeFiles/cmTryCompileExec466802838.dir/build
make[1]: entrant dans le répertoire « /home/martin/Documents/ProjetKinect/TelecomProjet/pcl_acquisition_kinect/build/CMakeFiles/CMakeTmp »
/usr/bin/cmake -E cmake_progress_report /home/martin/Documents/ProjetKinect/TelecomProjet/pcl_acquisition_kinect/build/CMakeFiles/CMakeTmp/CMakeFiles 1
Building CXX object CMakeFiles/cmTryCompileExec466802838.dir/CheckSymbolExists.cxx.o
/usr/bin/c++    -I/usr/include/qt4    -o CMakeFiles/cmTryCompileExec466802838.dir/CheckSymbolExists.cxx.o -c /home/martin/Documents/ProjetKinect/TelecomProjet/pcl_acquisition_kinect/build/CMakeFiles/CMakeTmp/CheckSymbolExists.cxx
/home/martin/Documents/ProjetKinect/TelecomProjet/pcl_acquisition_kinect/build/CMakeFiles/CMakeTmp/CheckSymbolExists.cxx: In function ‘int main(int, char**)’:
/home/martin/Documents/ProjetKinect/TelecomProjet/pcl_acquisition_kinect/build/CMakeFiles/CMakeTmp/CheckSymbolExists.cxx:8:19: error: ‘Q_WS_WIN’ was not declared in this scope
   return ((int*)(&Q_WS_WIN))[argc];
                   ^
make[1]: *** [CMakeFiles/cmTryCompileExec466802838.dir/CheckSymbolExists.cxx.o] Erreur 1
make[1]: quittant le répertoire « /home/martin/Documents/ProjetKinect/TelecomProjet/pcl_acquisition_kinect/build/CMakeFiles/CMakeTmp »
make: *** [cmTryCompileExec466802838/fast] Erreur 2

File /home/martin/Documents/ProjetKinect/TelecomProjet/pcl_acquisition_kinect/build/CMakeFiles/CMakeTmp/CheckSymbolExists.cxx:
/* */
#include <QtCore/qglobal.h>

int main(int argc, char** argv)
{
  (void)argv;
#ifndef Q_WS_WIN
  return ((int*)(&Q_WS_WIN))[argc];
#else
  (void)argc;
  return 0;
#endif
}

Determining if the Q_WS_QWS exist failed with the following output:
Change Dir: /home/martin/Documents/ProjetKinect/TelecomProjet/pcl_acquisition_kinect/build/CMakeFiles/CMakeTmp

Run Build Command:"/usr/bin/make" "cmTryCompileExec3707324062/fast"
/usr/bin/make -f CMakeFiles/cmTryCompileExec3707324062.dir/build.make CMakeFiles/cmTryCompileExec3707324062.dir/build
make[1]: entrant dans le répertoire « /home/martin/Documents/ProjetKinect/TelecomProjet/pcl_acquisition_kinect/build/CMakeFiles/CMakeTmp »
/usr/bin/cmake -E cmake_progress_report /home/martin/Documents/ProjetKinect/TelecomProjet/pcl_acquisition_kinect/build/CMakeFiles/CMakeTmp/CMakeFiles 1
Building CXX object CMakeFiles/cmTryCompileExec3707324062.dir/CheckSymbolExists.cxx.o
/usr/bin/c++    -I/usr/include/qt4    -o CMakeFiles/cmTryCompileExec3707324062.dir/CheckSymbolExists.cxx.o -c /home/martin/Documents/ProjetKinect/TelecomProjet/pcl_acquisition_kinect/build/CMakeFiles/CMakeTmp/CheckSymbolExists.cxx
/home/martin/Documents/ProjetKinect/TelecomProjet/pcl_acquisition_kinect/build/CMakeFiles/CMakeTmp/CheckSymbolExists.cxx: In function ‘int main(int, char**)’:
/home/martin/Documents/ProjetKinect/TelecomProjet/pcl_acquisition_kinect/build/CMakeFiles/CMakeTmp/CheckSymbolExists.cxx:8:19: error: ‘Q_WS_QWS’ was not declared in this scope
   return ((int*)(&Q_WS_QWS))[argc];
                   ^
make[1]: *** [CMakeFiles/cmTryCompileExec3707324062.dir/CheckSymbolExists.cxx.o] Erreur 1
make[1]: quittant le répertoire « /home/martin/Documents/ProjetKinect/TelecomProjet/pcl_acquisition_kinect/build/CMakeFiles/CMakeTmp »
make: *** [cmTryCompileExec3707324062/fast] Erreur 2

File /home/martin/Documents/ProjetKinect/TelecomProjet/pcl_acquisition_kinect/build/CMakeFiles/CMakeTmp/CheckSymbolExists.cxx:
/* */
#include <QtCore/qglobal.h>

int main(int argc, char** argv)
{
  (void)argv;
#ifndef Q_WS_QWS
  return ((int*)(&Q_WS_QWS))[argc];
#else
  (void)argc;
  return 0;
#endif
}

Determining if the Q_WS_MAC exist failed with the following output:
Change Dir: /home/martin/Documents/ProjetKinect/TelecomProjet/pcl_acquisition_kinect/build/CMakeFiles/CMakeTmp

Run Build Command:"/usr/bin/make" "cmTryCompileExec3292051558/fast"
/usr/bin/make -f CMakeFiles/cmTryCompileExec3292051558.dir/build.make CMakeFiles/cmTryCompileExec3292051558.dir/build
make[1]: entrant dans le répertoire « /home/martin/Documents/ProjetKinect/TelecomProjet/pcl_acquisition_kinect/build/CMakeFiles/CMakeTmp »
/usr/bin/cmake -E cmake_progress_report /home/martin/Documents/ProjetKinect/TelecomProjet/pcl_acquisition_kinect/build/CMakeFiles/CMakeTmp/CMakeFiles 1
Building CXX object CMakeFiles/cmTryCompileExec3292051558.dir/CheckSymbolExists.cxx.o
/usr/bin/c++    -I/usr/include/qt4    -o CMakeFiles/cmTryCompileExec3292051558.dir/CheckSymbolExists.cxx.o -c /home/martin/Documents/ProjetKinect/TelecomProjet/pcl_acquisition_kinect/build/CMakeFiles/CMakeTmp/CheckSymbolExists.cxx
/home/martin/Documents/ProjetKinect/TelecomProjet/pcl_acquisition_kinect/build/CMakeFiles/CMakeTmp/CheckSymbolExists.cxx: In function ‘int main(int, char**)’:
/home/martin/Documents/ProjetKinect/TelecomProjet/pcl_acquisition_kinect/build/CMakeFiles/CMakeTmp/CheckSymbolExists.cxx:8:19: error: ‘Q_WS_MAC’ was not declared in this scope
   return ((int*)(&Q_WS_MAC))[argc];
                   ^
make[1]: *** [CMakeFiles/cmTryCompileExec3292051558.dir/CheckSymbolExists.cxx.o] Erreur 1
make[1]: quittant le répertoire « /home/martin/Documents/ProjetKinect/TelecomProjet/pcl_acquisition_kinect/build/CMakeFiles/CMakeTmp »
make: *** [cmTryCompileExec3292051558/fast] Erreur 2

File /home/martin/Documents/ProjetKinect/TelecomProjet/pcl_acquisition_kinect/build/CMakeFiles/CMakeTmp/CheckSymbolExists.cxx:
/* */
#include <QtCore/qglobal.h>

int main(int argc, char** argv)
{
  (void)argv;
#ifndef Q_WS_MAC
  return ((int*)(&Q_WS_MAC))[argc];
#else
  (void)argc;
  return 0;
#endif
}

